2014-08-30 12:20:02.060 Workshop[1310:70b] Multi-tasking -> Device: YES, App: YES
2014-08-30 12:20:02.085 Workshop[1310:70b] Unlimited access to network resources
2014-08-30 12:20:02.088 Workshop[1310:70b] 

Started backup to iCloud! Please be careful.
Your application might rejected by Apple if you store too much data.
For more information please read "iOS Data Storage Guidelines"
You could find it at the following address https://developer.apple.com/icloud/documentation/data-storage/ .

2014-08-30 12:20:02.479 Workshop[1310:70b] Resetting plugins due to page load.
2014-08-30 12:20:02.631 Workshop[1310:70b] Finished load of: file:///Users/mattgriffin/Library/Application%20Support/iPhone%20Simulator/7.1/Applications/D60AE7C4-6210-40FD-B75F-C52E6360F7C2/Workshop.app/www/index.html
2014-08-30 12:20:02.666 Workshop[1310:70b] Received Event: deviceready
2014-08-30 12:23:16.902 Workshop[2935:70b] Multi-tasking -> Device: YES, App: YES
2014-08-30 12:23:16.910 Workshop[2935:70b] Unlimited access to network resources
2014-08-30 12:23:16.913 Workshop[2935:70b] 

Started backup to iCloud! Please be careful.
Your application might rejected by Apple if you store too much data.
For more information please read "iOS Data Storage Guidelines"
You could find it at the following address https://developer.apple.com/icloud/documentation/data-storage/ .

2014-08-30 12:23:17.070 Workshop[2935:70b] Resetting plugins due to page load.
2014-08-30 12:23:17.197 Workshop[2935:70b] Finished load of: file:///Users/mattgriffin/Library/Application%20Support/iPhone%20Simulator/7.1/Applications/D60AE7C4-6210-40FD-B75F-C52E6360F7C2/Workshop.app/www/index.html
2014-08-30 12:23:17.240 Workshop[2935:70b] Received Event: deviceready
2014-08-30 12:25:00.013 Workshop[3252:70b] Multi-tasking -> Device: YES, App: YES
2014-08-30 12:25:00.022 Workshop[3252:70b] Unlimited access to network resources
2014-08-30 12:25:00.025 Workshop[3252:70b] 

Started backup to iCloud! Please be careful.
Your application might rejected by Apple if you store too much data.
For more information please read "iOS Data Storage Guidelines"
You could find it at the following address https://developer.apple.com/icloud/documentation/data-storage/ .

2014-08-30 12:25:00.168 Workshop[3252:70b] Resetting plugins due to page load.
2014-08-30 12:25:00.269 Workshop[3252:70b] Finished load of: file:///Users/mattgriffin/Library/Application%20Support/iPhone%20Simulator/7.1/Applications/D60AE7C4-6210-40FD-B75F-C52E6360F7C2/Workshop.app/www/index.html
2014-08-30 12:31:16.566 Workshop[3593:70b] Multi-tasking -> Device: YES, App: YES
2014-08-30 12:31:16.574 Workshop[3593:70b] Unlimited access to network resources
2014-08-30 12:31:16.577 Workshop[3593:70b] 

Started backup to iCloud! Please be careful.
Your application might rejected by Apple if you store too much data.
For more information please read "iOS Data Storage Guidelines"
You could find it at the following address https://developer.apple.com/icloud/documentation/data-storage/ .

2014-08-30 12:31:16.705 Workshop[3593:70b] Resetting plugins due to page load.
2014-08-30 12:31:16.759 Workshop[3593:70b] Finished load of: file:///Users/mattgriffin/Library/Application%20Support/iPhone%20Simulator/7.1/Applications/D60AE7C4-6210-40FD-B75F-C52E6360F7C2/Workshop.app/www/index.html
Terminating in response to SpringBoard's termination.
2014-08-30 12:33:44.857 Workshop[3913:70b] Multi-tasking -> Device: YES, App: YES
2014-08-30 12:33:44.865 Workshop[3913:70b] Unlimited access to network resources
2014-08-30 12:33:44.871 Workshop[3913:70b] 

Started backup to iCloud! Please be careful.
Your application might rejected by Apple if you store too much data.
For more information please read "iOS Data Storage Guidelines"
You could find it at the following address https://developer.apple.com/icloud/documentation/data-storage/ .

2014-08-30 12:33:44.995 Workshop[3913:70b] Resetting plugins due to page load.
2014-08-30 12:33:45.062 Workshop[3913:70b] Finished load of: file:///Users/mattgriffin/Library/Application%20Support/iPhone%20Simulator/7.1/Applications/D60AE7C4-6210-40FD-B75F-C52E6360F7C2/Workshop.app/www/index.html
2014-08-30 12:34:17.288 Workshop[4217:70b] Multi-tasking -> Device: YES, App: YES
2014-08-30 12:34:17.297 Workshop[4217:70b] Unlimited access to network resources
2014-08-30 12:34:17.300 Workshop[4217:70b] 

Started backup to iCloud! Please be careful.
Your application might rejected by Apple if you store too much data.
For more information please read "iOS Data Storage Guidelines"
You could find it at the following address https://developer.apple.com/icloud/documentation/data-storage/ .

2014-08-30 12:34:17.418 Workshop[4217:70b] Resetting plugins due to page load.
2014-08-30 12:34:17.509 Workshop[4217:70b] Finished load of: file:///Users/mattgriffin/Library/Application%20Support/iPhone%20Simulator/7.1/Applications/D60AE7C4-6210-40FD-B75F-C52E6360F7C2/Workshop.app/www/index.html
Terminating in response to SpringBoard's termination.
2014-08-30 12:37:22.666 Workshop[4550:70b] Multi-tasking -> Device: YES, App: YES
2014-08-30 12:37:22.675 Workshop[4550:70b] Unlimited access to network resources
2014-08-30 12:37:22.678 Workshop[4550:70b] 

Started backup to iCloud! Please be careful.
Your application might rejected by Apple if you store too much data.
For more information please read "iOS Data Storage Guidelines"
You could find it at the following address https://developer.apple.com/icloud/documentation/data-storage/ .

2014-08-30 12:37:22.804 Workshop[4550:70b] Resetting plugins due to page load.
2014-08-30 12:37:22.863 Workshop[4550:70b] Finished load of: file:///Users/mattgriffin/Library/Application%20Support/iPhone%20Simulator/7.1/Applications/D60AE7C4-6210-40FD-B75F-C52E6360F7C2/Workshop.app/www/index.html
2014-08-30 12:37:24.595 Workshop[4550:70b] THREAD WARNING: ['Notification'] took '16.525879' ms. Plugin should use a background thread.
Terminating in response to SpringBoard's termination.
2014-08-30 12:37:56.511 Workshop[4734:70b] Multi-tasking -> Device: YES, App: YES
2014-08-30 12:37:56.519 Workshop[4734:70b] Unlimited access to network resources
2014-08-30 12:37:56.523 Workshop[4734:70b] 

Started backup to iCloud! Please be careful.
Your application might rejected by Apple if you store too much data.
For more information please read "iOS Data Storage Guidelines"
You could find it at the following address https://developer.apple.com/icloud/documentation/data-storage/ .

2014-08-30 12:37:56.594 Workshop[4734:70b] Resetting plugins due to page load.
2014-08-30 12:37:56.653 Workshop[4734:70b] Finished load of: file:///Users/mattgriffin/Library/Application%20Support/iPhone%20Simulator/7.1/Applications/D60AE7C4-6210-40FD-B75F-C52E6360F7C2/Workshop.app/www/index.html
2014-08-30 12:37:58.483 Workshop[4734:70b] THREAD WARNING: ['Notification'] took '16.410156' ms. Plugin should use a background thread.
2014-08-30 12:39:19.667 Workshop[5056:70b] Multi-tasking -> Device: YES, App: YES
2014-08-30 12:39:19.677 Workshop[5056:70b] Unlimited access to network resources
2014-08-30 12:39:19.680 Workshop[5056:70b] 

Started backup to iCloud! Please be careful.
Your application might rejected by Apple if you store too much data.
For more information please read "iOS Data Storage Guidelines"
You could find it at the following address https://developer.apple.com/icloud/documentation/data-storage/ .

2014-08-30 12:39:19.813 Workshop[5056:70b] Resetting plugins due to page load.
2014-08-30 12:39:19.875 Workshop[5056:70b] Finished load of: file:///Users/mattgriffin/Library/Application%20Support/iPhone%20Simulator/7.1/Applications/D60AE7C4-6210-40FD-B75F-C52E6360F7C2/Workshop.app/www/index.html
2014-08-30 12:39:21.781 Workshop[5056:70b] THREAD WARNING: ['Notification'] took '16.086914' ms. Plugin should use a background thread.
Terminating in response to SpringBoard's termination.
2014-08-30 12:44:36.750 Workshop[5382:70b] Multi-tasking -> Device: YES, App: YES
2014-08-30 12:44:36.758 Workshop[5382:70b] Unlimited access to network resources
2014-08-30 12:44:36.761 Workshop[5382:70b] 

Started backup to iCloud! Please be careful.
Your application might rejected by Apple if you store too much data.
For more information please read "iOS Data Storage Guidelines"
You could find it at the following address https://developer.apple.com/icloud/documentation/data-storage/ .

2014-08-30 12:44:36.885 Workshop[5382:70b] Resetting plugins due to page load.
2014-08-30 12:44:36.947 Workshop[5382:70b] Finished load of: file:///Users/mattgriffin/Library/Application%20Support/iPhone%20Simulator/7.1/Applications/D60AE7C4-6210-40FD-B75F-C52E6360F7C2/Workshop.app/www/index.html
Terminating in response to SpringBoard's termination.
2014-08-30 12:51:05.530 Workshop[5728:70b] Multi-tasking -> Device: YES, App: YES
2014-08-30 12:51:05.538 Workshop[5728:70b] Unlimited access to network resources
2014-08-30 12:51:05.541 Workshop[5728:70b] 

Started backup to iCloud! Please be careful.
Your application might rejected by Apple if you store too much data.
For more information please read "iOS Data Storage Guidelines"
You could find it at the following address https://developer.apple.com/icloud/documentation/data-storage/ .

2014-08-30 12:51:05.601 Workshop[5728:70b] Resetting plugins due to page load.
2014-08-30 12:51:05.701 Workshop[5728:70b] Finished load of: file:///Users/mattgriffin/Library/Application%20Support/iPhone%20Simulator/7.1/Applications/D60AE7C4-6210-40FD-B75F-C52E6360F7C2/Workshop.app/www/index.html
Terminating in response to SpringBoard's termination.
2014-08-30 12:58:52.829 Workshop[6071:70b] Multi-tasking -> Device: YES, App: YES
2014-08-30 12:58:52.837 Workshop[6071:70b] Unlimited access to network resources
2014-08-30 12:58:52.841 Workshop[6071:70b] 

Started backup to iCloud! Please be careful.
Your application might rejected by Apple if you store too much data.
For more information please read "iOS Data Storage Guidelines"
You could find it at the following address https://developer.apple.com/icloud/documentation/data-storage/ .

2014-08-30 12:58:52.969 Workshop[6071:70b] Resetting plugins due to page load.
2014-08-30 12:58:53.035 Workshop[6071:70b] Finished load of: file:///Users/mattgriffin/Library/Application%20Support/iPhone%20Simulator/7.1/Applications/D60AE7C4-6210-40FD-B75F-C52E6360F7C2/Workshop.app/www/index.html
Terminating in response to SpringBoard's termination.
2014-08-30 13:00:05.327 Workshop[6384:70b] Multi-tasking -> Device: YES, App: YES
2014-08-30 13:00:05.335 Workshop[6384:70b] Unlimited access to network resources
2014-08-30 13:00:05.338 Workshop[6384:70b] 

Started backup to iCloud! Please be careful.
Your application might rejected by Apple if you store too much data.
For more information please read "iOS Data Storage Guidelines"
You could find it at the following address https://developer.apple.com/icloud/documentation/data-storage/ .

2014-08-30 13:00:05.456 Workshop[6384:70b] Resetting plugins due to page load.
2014-08-30 13:00:05.559 Workshop[6384:70b] Finished load of: file:///Users/mattgriffin/Library/Application%20Support/iPhone%20Simulator/7.1/Applications/D60AE7C4-6210-40FD-B75F-C52E6360F7C2/Workshop.app/www/index.html
Terminating in response to SpringBoard's termination.
2014-08-30 13:01:21.790 Workshop[6571:70b] Multi-tasking -> Device: YES, App: YES
2014-08-30 13:01:21.799 Workshop[6571:70b] Unlimited access to network resources
2014-08-30 13:01:21.803 Workshop[6571:70b] 

Started backup to iCloud! Please be careful.
Your application might rejected by Apple if you store too much data.
For more information please read "iOS Data Storage Guidelines"
You could find it at the following address https://developer.apple.com/icloud/documentation/data-storage/ .

2014-08-30 13:01:21.931 Workshop[6571:70b] Resetting plugins due to page load.
2014-08-30 13:01:22.005 Workshop[6571:70b] Finished load of: file:///Users/mattgriffin/Library/Application%20Support/iPhone%20Simulator/7.1/Applications/D60AE7C4-6210-40FD-B75F-C52E6360F7C2/Workshop.app/www/index.html
2014-08-30 13:02:39.267 Workshop[6902:70b] Multi-tasking -> Device: YES, App: YES
2014-08-30 13:02:39.275 Workshop[6902:70b] Unlimited access to network resources
2014-08-30 13:02:39.278 Workshop[6902:70b] 

Started backup to iCloud! Please be careful.
Your application might rejected by Apple if you store too much data.
For more information please read "iOS Data Storage Guidelines"
You could find it at the following address https://developer.apple.com/icloud/documentation/data-storage/ .

2014-08-30 13:02:39.306 Workshop[6902:70b] [CDVTimer][statusbar] 9.202003ms
2014-08-30 13:02:39.307 Workshop[6902:70b] [CDVTimer][TotalPluginStartup] 9.766996ms
2014-08-30 13:02:39.444 Workshop[6902:70b] Resetting plugins due to page load.
2014-08-30 13:02:39.561 Workshop[6902:70b] Finished load of: file:///Users/mattgriffin/Library/Application%20Support/iPhone%20Simulator/7.1/Applications/D60AE7C4-6210-40FD-B75F-C52E6360F7C2/Workshop.app/www/index.html
2014-08-30 13:22:55.648 Workshop[7284:70b] Multi-tasking -> Device: YES, App: YES
2014-08-30 13:22:55.658 Workshop[7284:70b] Unlimited access to network resources
2014-08-30 13:22:55.662 Workshop[7284:70b] 

Started backup to iCloud! Please be careful.
Your application might rejected by Apple if you store too much data.
For more information please read "iOS Data Storage Guidelines"
You could find it at the following address https://developer.apple.com/icloud/documentation/data-storage/ .

2014-08-30 13:22:55.691 Workshop[7284:70b] [CDVTimer][statusbar] 9.750009ms
2014-08-30 13:22:55.692 Workshop[7284:70b] [CDVTimer][TotalPluginStartup] 10.528028ms
2014-08-30 13:22:55.831 Workshop[7284:70b] Resetting plugins due to page load.
2014-08-30 13:22:55.918 Workshop[7284:70b] Finished load of: file:///Users/mattgriffin/Library/Application%20Support/iPhone%20Simulator/7.1/Applications/D60AE7C4-6210-40FD-B75F-C52E6360F7C2/Workshop.app/www/index.html
Terminating in response to SpringBoard's termination.
2014-08-30 13:24:51.741 Workshop[7609:70b] Multi-tasking -> Device: YES, App: YES
2014-08-30 13:24:51.750 Workshop[7609:70b] Unlimited access to network resources
2014-08-30 13:24:51.754 Workshop[7609:70b] 

Started backup to iCloud! Please be careful.
Your application might rejected by Apple if you store too much data.
For more information please read "iOS Data Storage Guidelines"
You could find it at the following address https://developer.apple.com/icloud/documentation/data-storage/ .

2014-08-30 13:24:51.805 Workshop[7609:70b] [CDVTimer][statusbar] 19.602001ms
2014-08-30 13:24:51.805 Workshop[7609:70b] [CDVTimer][TotalPluginStartup] 20.118952ms
2014-08-30 13:24:51.951 Workshop[7609:70b] Resetting plugins due to page load.
2014-08-30 13:24:52.020 Workshop[7609:70b] Finished load of: file:///Users/mattgriffin/Library/Application%20Support/iPhone%20Simulator/7.1/Applications/D60AE7C4-6210-40FD-B75F-C52E6360F7C2/Workshop.app/www/index.html
2014-08-30 13:25:50.753 Workshop[7928:70b] Multi-tasking -> Device: YES, App: YES
2014-08-30 13:25:50.762 Workshop[7928:70b] Unlimited access to network resources
2014-08-30 13:25:50.766 Workshop[7928:70b] 

Started backup to iCloud! Please be careful.
Your application might rejected by Apple if you store too much data.
For more information please read "iOS Data Storage Guidelines"
You could find it at the following address https://developer.apple.com/icloud/documentation/data-storage/ .

2014-08-30 13:25:50.801 Workshop[7928:70b] [CDVTimer][statusbar] 16.326010ms
2014-08-30 13:25:50.802 Workshop[7928:70b] [CDVTimer][TotalPluginStartup] 17.234981ms
2014-08-30 13:25:50.947 Workshop[7928:70b] Resetting plugins due to page load.
2014-08-30 13:25:51.015 Workshop[7928:70b] Finished load of: file:///Users/mattgriffin/Library/Application%20Support/iPhone%20Simulator/7.1/Applications/D60AE7C4-6210-40FD-B75F-C52E6360F7C2/Workshop.app/www/index.html
Terminating in response to SpringBoard's termination.
2014-08-30 13:27:15.812 Workshop[8249:70b] Multi-tasking -> Device: YES, App: YES
2014-08-30 13:27:15.820 Workshop[8249:70b] Unlimited access to network resources
2014-08-30 13:27:15.823 Workshop[8249:70b] 

Started backup to iCloud! Please be careful.
Your application might rejected by Apple if you store too much data.
For more information please read "iOS Data Storage Guidelines"
You could find it at the following address https://developer.apple.com/icloud/documentation/data-storage/ .

2014-08-30 13:27:15.849 Workshop[8249:70b] [CDVTimer][statusbar] 8.551002ms
2014-08-30 13:27:15.850 Workshop[8249:70b] [CDVTimer][TotalPluginStartup] 9.034991ms
2014-08-30 13:27:15.943 Workshop[8249:70b] Resetting plugins due to page load.
2014-08-30 13:27:16.042 Workshop[8249:70b] Finished load of: file:///Users/mattgriffin/Library/Application%20Support/iPhone%20Simulator/7.1/Applications/D60AE7C4-6210-40FD-B75F-C52E6360F7C2/Workshop.app/www/index.html
2014-08-30 21:45:45.002 Workshop[8735:70b] Multi-tasking -> Device: YES, App: YES
2014-08-30 21:45:45.021 Workshop[8735:70b] Unlimited access to network resources
2014-08-30 21:45:45.025 Workshop[8735:70b] 

Started backup to iCloud! Please be careful.
Your application might rejected by Apple if you store too much data.
For more information please read "iOS Data Storage Guidelines"
You could find it at the following address https://developer.apple.com/icloud/documentation/data-storage/ .

2014-08-30 21:45:45.184 Workshop[8735:70b] [CDVTimer][statusbar] 39.461017ms
2014-08-30 21:45:45.185 Workshop[8735:70b] [CDVTimer][TotalPluginStartup] 39.947987ms
2014-08-30 21:45:45.338 Workshop[8735:70b] Resetting plugins due to page load.
2014-08-30 21:45:45.532 Workshop[8735:70b] Finished load of: file:///Users/mattgriffin/Library/Application%20Support/iPhone%20Simulator/7.1/Applications/D60AE7C4-6210-40FD-B75F-C52E6360F7C2/Workshop.app/www/index.html
Terminating in response to SpringBoard's termination.
2014-08-30 21:47:19.225 Workshop[9061:70b] Multi-tasking -> Device: YES, App: YES
2014-08-30 21:47:19.233 Workshop[9061:70b] Unlimited access to network resources
2014-08-30 21:47:19.236 Workshop[9061:70b] 

Started backup to iCloud! Please be careful.
Your application might rejected by Apple if you store too much data.
For more information please read "iOS Data Storage Guidelines"
You could find it at the following address https://developer.apple.com/icloud/documentation/data-storage/ .

2014-08-30 21:47:19.261 Workshop[9061:70b] [CDVTimer][statusbar] 8.810997ms
2014-08-30 21:47:19.261 Workshop[9061:70b] [CDVTimer][TotalPluginStartup] 9.284019ms
2014-08-30 21:47:19.301 Workshop[9061:70b] Resetting plugins due to page load.
2014-08-30 21:47:19.392 Workshop[9061:70b] Finished load of: file:///Users/mattgriffin/Library/Application%20Support/iPhone%20Simulator/7.1/Applications/D60AE7C4-6210-40FD-B75F-C52E6360F7C2/Workshop.app/www/index.html
2014-08-30 21:47:28.958 Workshop[9061:70b] Failed to load webpage with error: The URL can’t be shown
2014-08-30 21:47:30.135 Workshop[9061:70b] Failed to load webpage with error: The URL can’t be shown
2014-08-30 22:08:28.763 Workshop[9438:70b] Multi-tasking -> Device: YES, App: YES
2014-08-30 22:08:28.772 Workshop[9438:70b] Unlimited access to network resources
2014-08-30 22:08:28.776 Workshop[9438:70b] 

Started backup to iCloud! Please be careful.
Your application might rejected by Apple if you store too much data.
For more information please read "iOS Data Storage Guidelines"
You could find it at the following address https://developer.apple.com/icloud/documentation/data-storage/ .

2014-08-30 22:08:28.803 Workshop[9438:70b] [CDVTimer][statusbar] 9.576023ms
2014-08-30 22:08:28.804 Workshop[9438:70b] [CDVTimer][TotalPluginStartup] 10.084033ms
2014-08-30 22:08:28.897 Workshop[9438:70b] Resetting plugins due to page load.
2014-08-30 22:08:29.013 Workshop[9438:70b] Finished load of: file:///Users/mattgriffin/Library/Application%20Support/iPhone%20Simulator/7.1/Applications/D60AE7C4-6210-40FD-B75F-C52E6360F7C2/Workshop.app/www/index.html
Terminating in response to SpringBoard's termination.
2014-08-30 23:41:54.488 Workshop[9847:70b] Multi-tasking -> Device: YES, App: YES
2014-08-30 23:41:54.508 Workshop[9847:70b] Unlimited access to network resources
2014-08-30 23:41:54.512 Workshop[9847:70b] 

Started backup to iCloud! Please be careful.
Your application might rejected by Apple if you store too much data.
For more information please read "iOS Data Storage Guidelines"
You could find it at the following address https://developer.apple.com/icloud/documentation/data-storage/ .

2014-08-30 23:41:54.673 Workshop[9847:70b] [CDVTimer][statusbar] 35.287976ms
2014-08-30 23:41:54.673 Workshop[9847:70b] [CDVTimer][TotalPluginStartup] 35.767972ms
2014-08-30 23:41:54.811 Workshop[9847:70b] Resetting plugins due to page load.
2014-08-30 23:41:55.063 Workshop[9847:70b] Finished load of: file:///Users/mattgriffin/Library/Application%20Support/iPhone%20Simulator/7.1/Applications/D60AE7C4-6210-40FD-B75F-C52E6360F7C2/Workshop.app/www/index.html
2014-08-30 23:42:57.670 Workshop[10043:70b] Multi-tasking -> Device: YES, App: YES
2014-08-30 23:42:57.679 Workshop[10043:70b] Unlimited access to network resources
2014-08-30 23:42:57.681 Workshop[10043:70b] 

Started backup to iCloud! Please be careful.
Your application might rejected by Apple if you store too much data.
For more information please read "iOS Data Storage Guidelines"
You could find it at the following address https://developer.apple.com/icloud/documentation/data-storage/ .

2014-08-30 23:42:57.707 Workshop[10043:70b] [CDVTimer][statusbar] 9.035945ms
2014-08-30 23:42:57.707 Workshop[10043:70b] [CDVTimer][TotalPluginStartup] 9.505033ms
2014-08-30 23:42:57.814 Workshop[10043:70b] Resetting plugins due to page load.
2014-08-30 23:42:57.914 Workshop[10043:70b] Finished load of: file:///Users/mattgriffin/Library/Application%20Support/iPhone%20Simulator/7.1/Applications/D60AE7C4-6210-40FD-B75F-C52E6360F7C2/Workshop.app/www/index.html
2014-08-30 23:43:48.234 Workshop[10043:70b] Failed to load webpage with error: The URL can’t be shown
2014-08-30 23:43:48.967 Workshop[10043:70b] Failed to load webpage with error: The URL can’t be shown
2014-08-30 23:43:49.567 Workshop[10043:70b] Failed to load webpage with error: The URL can’t be shown
2014-08-30 23:43:50.589 Workshop[10043:70b] Failed to load webpage with error: The URL can’t be shown
Terminating in response to SpringBoard's termination.
2014-08-31 12:54:55.177 Workshop[950:70b] Multi-tasking -> Device: YES, App: YES
2014-08-31 12:54:55.206 Workshop[950:70b] Unlimited access to network resources
2014-08-31 12:54:55.223 Workshop[950:70b] 

Started backup to iCloud! Please be careful.
Your application might rejected by Apple if you store too much data.
For more information please read "iOS Data Storage Guidelines"
You could find it at the following address https://developer.apple.com/icloud/documentation/data-storage/ .

2014-08-31 12:54:55.508 Workshop[950:70b] [CDVTimer][statusbar] 82.157969ms
2014-08-31 12:54:55.509 Workshop[950:70b] [CDVTimer][TotalPluginStartup] 82.834005ms
2014-08-31 12:54:55.695 Workshop[950:70b] Resetting plugins due to page load.
2014-08-31 12:54:55.981 Workshop[950:70b] Finished load of: file:///Users/mattgriffin/Library/Application%20Support/iPhone%20Simulator/7.1/Applications/D60AE7C4-6210-40FD-B75F-C52E6360F7C2/Workshop.app/www/index.html
2014-08-31 12:55:14.136 Workshop[950:70b] Failed to load webpage with error: The URL can’t be shown
2014-08-31 12:55:14.970 Workshop[950:70b] Failed to load webpage with error: The URL can’t be shown
2014-08-31 12:55:15.492 Workshop[950:70b] Failed to load webpage with error: The URL can’t be shown
2014-08-31 12:55:15.975 Workshop[950:70b] Failed to load webpage with error: The URL can’t be shown
Terminating in response to SpringBoard's termination.
2014-08-31 12:57:59.387 Workshop[1319:70b] Multi-tasking -> Device: YES, App: YES
2014-08-31 12:57:59.396 Workshop[1319:70b] Unlimited access to network resources
2014-08-31 12:57:59.399 Workshop[1319:70b] 

Started backup to iCloud! Please be careful.
Your application might rejected by Apple if you store too much data.
For more information please read "iOS Data Storage Guidelines"
You could find it at the following address https://developer.apple.com/icloud/documentation/data-storage/ .

2014-08-31 12:57:59.429 Workshop[1319:70b] [CDVTimer][statusbar] 10.405958ms
2014-08-31 12:57:59.429 Workshop[1319:70b] [CDVTimer][TotalPluginStartup] 10.887027ms
2014-08-31 12:57:59.580 Workshop[1319:70b] Resetting plugins due to page load.
2014-08-31 12:57:59.702 Workshop[1319:70b] Finished load of: file:///Users/mattgriffin/Library/Application%20Support/iPhone%20Simulator/7.1/Applications/D60AE7C4-6210-40FD-B75F-C52E6360F7C2/Workshop.app/www/index.html
2014-08-31 12:58:11.787 Workshop[1319:70b] THREAD WARNING: ['Notification'] took '14.872070' ms. Plugin should use a background thread.
2014-08-31 13:04:14.788 Workshop[1696:70b] Multi-tasking -> Device: YES, App: YES
2014-08-31 13:04:14.797 Workshop[1696:70b] Unlimited access to network resources
2014-08-31 13:04:14.801 Workshop[1696:70b] 

Started backup to iCloud! Please be careful.
Your application might rejected by Apple if you store too much data.
For more information please read "iOS Data Storage Guidelines"
You could find it at the following address https://developer.apple.com/icloud/documentation/data-storage/ .

2014-08-31 13:04:14.828 Workshop[1696:70b] [CDVTimer][statusbar] 9.446979ms
2014-08-31 13:04:14.828 Workshop[1696:70b] [CDVTimer][TotalPluginStartup] 9.943008ms
2014-08-31 13:04:14.971 Workshop[1696:70b] Resetting plugins due to page load.
2014-08-31 13:04:15.131 Workshop[1696:70b] Finished load of: file:///Users/mattgriffin/Library/Application%20Support/iPhone%20Simulator/7.1/Applications/D60AE7C4-6210-40FD-B75F-C52E6360F7C2/Workshop.app/www/index.html
2014-08-31 13:04:26.429 Workshop[1696:70b] addToContacts
2014-08-31 13:10:07.819 Workshop[2071:70b] Multi-tasking -> Device: YES, App: YES
2014-08-31 13:10:07.829 Workshop[2071:70b] Unlimited access to network resources
2014-08-31 13:10:07.832 Workshop[2071:70b] 

Started backup to iCloud! Please be careful.
Your application might rejected by Apple if you store too much data.
For more information please read "iOS Data Storage Guidelines"
You could find it at the following address https://developer.apple.com/icloud/documentation/data-storage/ .

2014-08-31 13:10:07.866 Workshop[2071:70b] [CDVTimer][statusbar] 15.964031ms
2014-08-31 13:10:07.867 Workshop[2071:70b] [CDVTimer][TotalPluginStartup] 16.451955ms
2014-08-31 13:10:08.012 Workshop[2071:70b] Resetting plugins due to page load.
2014-08-31 13:10:08.192 Workshop[2071:70b] Finished load of: file:///Users/mattgriffin/Library/Application%20Support/iPhone%20Simulator/7.1/Applications/D60AE7C4-6210-40FD-B75F-C52E6360F7C2/Workshop.app/www/index.html
2014-08-31 13:10:13.485 Workshop[2071:70b] addToContacts
2014-08-31 13:10:19.097 Workshop[2071:70b] addToContacts
2014-08-31 13:10:24.544 Workshop[2071:70b] addToContacts
2014-08-31 13:10:25.703 Workshop[2071:70b] addToContacts
2014-08-31 13:10:27.355 Workshop[2071:70b] addToContacts
2014-08-31 13:10:27.844 Workshop[2071:70b] addToContacts
2014-08-31 13:10:30.232 Workshop[2071:70b] THREAD WARNING: ['Notification'] took '15.856201' ms. Plugin should use a background thread.
2014-08-31 13:10:32.781 Workshop[2071:70b] addToContacts
Terminating in response to SpringBoard's termination.
2014-08-31 13:11:00.429 Workshop[2431:70b] Multi-tasking -> Device: YES, App: YES
2014-08-31 13:11:00.438 Workshop[2431:70b] Unlimited access to network resources
2014-08-31 13:11:00.442 Workshop[2431:70b] 

Started backup to iCloud! Please be careful.
Your application might rejected by Apple if you store too much data.
For more information please read "iOS Data Storage Guidelines"
You could find it at the following address https://developer.apple.com/icloud/documentation/data-storage/ .

2014-08-31 13:11:00.472 Workshop[2431:70b] [CDVTimer][statusbar] 10.926008ms
2014-08-31 13:11:00.472 Workshop[2431:70b] [CDVTimer][TotalPluginStartup] 11.435986ms
2014-08-31 13:11:00.573 Workshop[2431:70b] Resetting plugins due to page load.
2014-08-31 13:11:00.720 Workshop[2431:70b] Finished load of: file:///Users/mattgriffin/Library/Application%20Support/iPhone%20Simulator/7.1/Applications/D60AE7C4-6210-40FD-B75F-C52E6360F7C2/Workshop.app/www/index.html
2014-08-31 13:11:05.267 Workshop[2431:70b] addToContacts
2014-08-31 13:12:43.084 Workshop[2791:70b] Multi-tasking -> Device: YES, App: YES
2014-08-31 13:12:43.094 Workshop[2791:70b] Unlimited access to network resources
2014-08-31 13:12:43.099 Workshop[2791:70b] 

Started backup to iCloud! Please be careful.
Your application might rejected by Apple if you store too much data.
For more information please read "iOS Data Storage Guidelines"
You could find it at the following address https://developer.apple.com/icloud/documentation/data-storage/ .

2014-08-31 13:12:43.155 Workshop[2791:70b] [CDVTimer][statusbar] 23.218036ms
2014-08-31 13:12:43.156 Workshop[2791:70b] [CDVTimer][TotalPluginStartup] 23.828983ms
2014-08-31 13:12:43.368 Workshop[2791:70b] Resetting plugins due to page load.
2014-08-31 13:12:43.654 Workshop[2791:70b] Finished load of: file:///Users/mattgriffin/Library/Application%20Support/iPhone%20Simulator/7.1/Applications/D60AE7C4-6210-40FD-B75F-C52E6360F7C2/Workshop.app/www/index.html
2014-08-31 13:12:52.344 Workshop[2791:70b] THREAD WARNING: ['Notification'] took '19.471924' ms. Plugin should use a background thread.
2014-08-31 13:12:54.771 Workshop[2791:70b] addToContacts
2014-08-31 13:15:37.830 Workshop[3187:70b] Multi-tasking -> Device: YES, App: YES
2014-08-31 13:15:37.839 Workshop[3187:70b] Unlimited access to network resources
2014-08-31 13:15:37.842 Workshop[3187:70b] 

Started backup to iCloud! Please be careful.
Your application might rejected by Apple if you store too much data.
For more information please read "iOS Data Storage Guidelines"
You could find it at the following address https://developer.apple.com/icloud/documentation/data-storage/ .

2014-08-31 13:15:37.878 Workshop[3187:70b] [CDVTimer][statusbar] 17.323971ms
2014-08-31 13:15:37.878 Workshop[3187:70b] [CDVTimer][TotalPluginStartup] 17.839968ms
2014-08-31 13:15:38.021 Workshop[3187:70b] Resetting plugins due to page load.
2014-08-31 13:15:38.166 Workshop[3187:70b] Finished load of: file:///Users/mattgriffin/Library/Application%20Support/iPhone%20Simulator/7.1/Applications/D60AE7C4-6210-40FD-B75F-C52E6360F7C2/Workshop.app/www/index.html
2014-08-31 13:15:44.022 Workshop[3187:70b] Camera.getPicture: source type 1 not available.
2014-08-31 13:15:44.039 Workshop[3187:70b] THREAD WARNING: ['Notification'] took '15.170898' ms. Plugin should use a background thread.
Terminating in response to SpringBoard's termination.
2014-08-31 13:17:43.145 Workshop[3567:70b] Multi-tasking -> Device: YES, App: YES
2014-08-31 13:17:43.154 Workshop[3567:70b] Unlimited access to network resources
2014-08-31 13:17:43.158 Workshop[3567:70b] 

Started backup to iCloud! Please be careful.
Your application might rejected by Apple if you store too much data.
For more information please read "iOS Data Storage Guidelines"
You could find it at the following address https://developer.apple.com/icloud/documentation/data-storage/ .

2014-08-31 13:17:43.183 Workshop[3567:70b] [CDVTimer][statusbar] 9.015024ms
2014-08-31 13:17:43.184 Workshop[3567:70b] [CDVTimer][TotalPluginStartup] 9.527028ms
2014-08-31 13:17:43.281 Workshop[3567:70b] Resetting plugins due to page load.
2014-08-31 13:17:43.541 Workshop[3567:70b] Finished load of: file:///Users/mattgriffin/Library/Application%20Support/iPhone%20Simulator/7.1/Applications/D60AE7C4-6210-40FD-B75F-C52E6360F7C2/Workshop.app/www/index.html
2014-08-31 13:17:47.300 Workshop[3567:70b] Camera.getPicture: source type 1 not available.
2014-08-31 13:17:47.320 Workshop[3567:70b] THREAD WARNING: ['Notification'] took '18.615967' ms. Plugin should use a background thread.
Terminating in response to SpringBoard's termination.
